<?xml version="1.0" encoding="UTF-8"?>
<!-- Generated by org.testng.reporters.JUnitXMLReporter -->
<testsuite ignored="0" hostname="ASCINLAP61749" failures="1" tests="2" name="Test" time="101.582" errors="0" timestamp="2025-05-23T19:43:04 IST">
  <testcase classname="khanAcademyTest.NegativeTestcase" name="testInvalidLogin" time="6.106"/>
  <testcase classname="khanAcademyTest.NegativeTestcase" name="testSpecialCharacterSearch" time="28.931">
    <failure type="java.lang.AssertionError" message="Test failed due to exception: Expected condition failed: waiting for url to contain &amp;quot;/courses&amp;quot;. Current url: &amp;quot;https://www.khanacademy.org/&amp;quot; (tried for 20 second(s) with 500 milliseconds interval)
Build info: version: &amp;apos;4.31.0&amp;apos;, revision: &amp;apos;4ae8fc9f8a&amp;apos;
System info: os.name: &amp;apos;Windows 11&amp;apos;, os.arch: &amp;apos;amd64&amp;apos;, os.version: &amp;apos;10.0&amp;apos;, java.version: &amp;apos;23.0.1&amp;apos;
Driver info: org.openqa.selenium.chrome.ChromeDriver
Capabilities {acceptInsecureCerts: false, browserName: chrome, browserVersion: 136.0.7103.114, chrome: {chromedriverVersion: 136.0.7103.113 (76fa3c17824..., userDataDir: C:\Users\ASHWIN~1.SED\AppDa...}, fedcm:accounts: true, goog:chromeOptions: {debuggerAddress: localhost:7936}, networkConnectionEnabled: false, pageLoadStrategy: normal, platformName: windows, proxy: Proxy(), se:cdp: ws://localhost:7936/devtool..., se:cdpVersion: 136.0.7103.114, setWindowRect: true, strictFileInteractability: false, timeouts: {implicit: 0, pageLoad: 300000, script: 30000}, unhandledPromptBehavior: dismiss and notify, webauthn:extension:credBlob: true, webauthn:extension:largeBlob: true, webauthn:extension:minPinLength: true, webauthn:extension:prf: true, webauthn:virtualAuthenticators: true}
Session ID: 00e16207c6a8900c18a40fe572c88843">
      <![CDATA[java.lang.AssertionError: Test failed due to exception: Expected condition failed: waiting for url to contain "/courses". Current url: "https://www.khanacademy.org/" (tried for 20 second(s) with 500 milliseconds interval)
Build info: version: '4.31.0', revision: '4ae8fc9f8a'
System info: os.name: 'Windows 11', os.arch: 'amd64', os.version: '10.0', java.version: '23.0.1'
Driver info: org.openqa.selenium.chrome.ChromeDriver
Capabilities {acceptInsecureCerts: false, browserName: chrome, browserVersion: 136.0.7103.114, chrome: {chromedriverVersion: 136.0.7103.113 (76fa3c17824..., userDataDir: C:\Users\ASHWIN~1.SED\AppDa...}, fedcm:accounts: true, goog:chromeOptions: {debuggerAddress: localhost:7936}, networkConnectionEnabled: false, pageLoadStrategy: normal, platformName: windows, proxy: Proxy(), se:cdp: ws://localhost:7936/devtool..., se:cdpVersion: 136.0.7103.114, setWindowRect: true, strictFileInteractability: false, timeouts: {implicit: 0, pageLoad: 300000, script: 30000}, unhandledPromptBehavior: dismiss and notify, webauthn:extension:credBlob: true, webauthn:extension:largeBlob: true, webauthn:extension:minPinLength: true, webauthn:extension:prf: true, webauthn:virtualAuthenticators: true}
Session ID: 00e16207c6a8900c18a40fe572c88843
at khanAcademyTest.NegativeTestcase.testSpecialCharacterSearch(NegativeTestcase.java:81)
at java.base/java.util.ArrayList.forEach(ArrayList.java:1597)
... Removed 26 stack frames]]>
    </failure>
  </testcase> <!-- testSpecialCharacterSearch -->
</testsuite> <!-- Test -->
